cscope 15 /home/ys/netStudy/unpv12e -q 0000000434 0000019973
	@cscope.file

1 ./
	gadvio
/
	guÅ
.
	gh


2 ./
	gadvio
/
	gudp£rv03
.
	gc


3 ./
	gadvio
/
	gtışi01
.
	gc


4 ./
	gadvio
/
	guÅifi
.
	gh


5 ./
	gadvio
/
	gudpşi02
.
	gc


6 ./
	gadvio
/
	gdgş™imeo
.
	gc


7 ./
	gadvio
/
	gudpşi01
.
	gc


8 ./
	gadvio
/
	gdgş™imeo1
.
	gc


9 ./
	gadvio
/
	gdgş™imeo2
.
	gc


10 ./
	gadvio
/
	gdaytim‘ışi
.
	gc


11 ./
	gadvio
/
	gdaytimeudpşi3
.
	gc


12 ./
	gadvio
/
	g»cväomæags
.
	gc


13 ./
	gadvio
/
	gdaytimeudpşi4
.
	gc


14 ./
	gadvio
/
	gtışi02
.
	gc


15 ./
	gadvio
/
	gdgechßddr
.
	gc


16 ./
	gadvio
/
	gudp£rv01
.
	gc


17 ./
	gadvio
/
	g¡r_şi_£Ëù02
.
	gc


18 ./
	gadvio
/
	gtı£rv02
.
	gc


19 ./
	gadvio
/
	g¡r_echo_¡dio02
.
	gc


20 ./
	gadvio
/
	gsig_chld_wa™pid
.
	gc


21 ./
	gadvio
/
	gudp£rv04
.
	gc


22 ./
	gadvio
/
	gudpşi03
.
	gc


23 ./
	gadvio
/
	gdgş™imeo3
.
	gc


24 ./
	gbÿ¡
/
	guÅ
.
	gh


25 ./
	gbÿ¡
/
	gudpşi01
.
	gc


26 ./
	gbÿ¡
/
	gdgşibÿ¡1
.
	gc


27 ./
	gbÿ¡
/
	gudpşi03
.
	gc


28 ./
	gbÿ¡
/
	gdgşibÿ¡3
.
	gc


29 ./
	gbÿ¡
/
	gudpşi04
.
	gc


30 ./
	gbÿ¡
/
	gudpşi02
.
	gc


31 ./
	gbÿ¡
/
	gdgşibÿ¡2
.
	gc


32 ./
	gbÿ¡
/
	gdgşibÿ¡4
.
	gc


33 ./
	gbÿ¡
/
	gdgşibÿ¡5
.
	gc


34 ./
	gbÿ¡
/
	gudpşi06
.
	gc


35 ./
	gbÿ¡
/
	gudpşi05
.
	gc


36 ./
	gbÿ¡
/
	gdgşibÿ¡6
.
	gc


37 ./
	gdebug
/
	guÅ
.
	gh


38 ./
	gdebug
/
	guÅxti
.
	gh


39 ./
	gdebug
/
	g‹¡01
.
	gc


40 ./
	gdebug
/
	g‹¡03
.
	gc


41 ./
	gdebug
/
	g‹¡02
.
	gc


42 ./
	gdebug
/
	gbacklog
.
	gc


43 ./
	gdebug
/
	g‹¡04
.
	gc


44 ./
	gdebug
/
	gqËn
.
	gc


45 ./
	gdebug
/
	g‹¡05
.
	gc


46 ./
	gdebug
/
	g‹¡06
.
	gc


47 ./
	gi386
-
	gpc
-
	gbsdi3
.0/
	gcÚfig
.
	gh


48 ./
	gi386
-
	gpc
-
	gbsdi3
.0/
	gcÚfig
.
	gbook
.
	gh


49 ./
	gicmpd
/
	gicmp6
.
	gh


50 ./
	gicmpd
/
	g6
.
	gh


51 ./
	gicmpd
/icmpd.
	gc


52 ./
	gicmpd
/
	guÅ
.
	gh


53 ./
	gicmpd
/icmpd.
	gh


54 ./
	gicmpd
/
	g»adabË_li¡’
.
	gc


55 ./
	gicmpd
/
	g»adabË_cÚn
.
	gc


56 ./
	gicmpd
/
	g»adabË_v4
.
	gc


57 ./
	gicmpd
/
	g»adabË_v6
.
	gc


58 ./
	gicmpd
/
	gdgşi01
.
	gc


59 ./
	gicmpd
/
	gudpşi01
.
	gc


60 ./
	gicmpd
/
	guÅicmpd
.
	gh


61 ./
	gš‘d
/
	guÅ
.
	gh


62 ./
	gš‘d
/
	gdaytim‘ı¤v2
.
	gc


63 ./
	gš‘d
/
	gdaytim‘ı¤v3
.
	gc


64 ./
	gšŒo
/
	gdaytim‘ı¤v
.
	gc


65 ./
	gšŒo
/
	guÅ
.
	gh


66 ./
	gšŒo
/
	gdaytim‘ışi
.
	gc


67 ./
	gšŒo
/
	gdaytim‘ı¤v3
.
	gc


68 ./
	gšŒo
/
	gby‹Üd”
.
	gc


69 ./
	gšŒo
/
	gdaytim‘ı¤v1
.
	gc


70 ./
	gšŒo
/
	gdaytim‘ışiv6
.
	gc


71 ./
	gšŒo
/
	gdaytim‘ı¤vv6
.
	gc


72 ./
	gšŒo
/
	gdaytim‘ışi1
.
	gc


73 ./
	gšŒo
/
	gdaytim‘ışi3
.
	gc


74 ./
	gšŒo
/
	gdaytim‘ışi2
.
	gc


75 ./
	gšŒo
/
	gdaytim‘ı¤v2
.
	gc


76 ./
	gioùl
/
	guÅ
.
	gh


77 ./
	gioùl
/
	g‹¡1
.
	gc


78 ./
	gioùl
/
	glsif01
.
	gc


79 ./
	gioùl
/
	glsif02
.
	gc


80 ./
	gioùl
/
	g´mac
.
	gc


81 ./
	gioùl
/
	g´ifšfo
.
	gc


82 ./
	gioùl
/
	guÅifi
.
	gh


83 ./
	gİts
/
	guÅ
.
	gh


84 ./
	gİts
/
	gtışi01
.
	gc


85 ./
	gİts
/
	gsourûrou‹
.
	gc


86 ./
	gİts
/
	gtı£rv01
.
	gc


87 ./
	gİts
/
	gsigchldwa™pid
.
	gc


88 ./
	glib
/
	guÅ
.
	gh


89 ./
	glib
/
	g”rÜ
.
	gc


90 ./
	glib
/
	gaddršfo
.
	gh


91 ./
	glib
/
	gcÚÃù_nÚb
.
	gc


92 ./
	glib
/
	gdg_şi
.
	gc


93 ./
	glib
/
	gw¿punix
.
	gc


94 ./
	glib
/
	gsock©m¬k
.
	gc


95 ./
	glib
/
	gcÚÃù_timeo
.
	gc


96 ./
	glib
/
	g»adn
.
	gc


97 ./
	glib
/
	gwr™’
.
	gc


98 ./
	glib
/
	g»adlše
.
	gc


99 ./
	glib
/
	gw¿µth»ad
.
	gc


100 ./
	glib
/
	gdg_echo
.
	gc


101 ./
	glib
/
	gtı_cÚÃù
.
	gc


102 ./
	glib
/
	gho¡_£rv
.
	gc


103 ./
	glib
/
	g¡r_echo
.
	gc


104 ./
	glib
/
	guÅifi
.
	gh


105 ./
	glib
/
	gsigÇl
.
	gc


106 ./
	glib
/
	g¡r_şi
.
	gc


107 ./
	glib
/
	gh¡»¼Ü
.
	gc


108 ./
	glib
/
	g»adabË_timeo
.
	gc


109 ./
	glib
/
	g¹t
.
	gc


110 ./
	glib
/
	gsigÇl_šŒ
.
	gc


111 ./
	glib
/
	gtı_li¡’
.
	gc


112 ./
	glib
/
	gw¿psock
.
	gc


113 ./
	glib
/
	gwr™abË_timeo
.
	gc


114 ./
	glib
/
	gsock_£t_pÜt
.
	gc


115 ./
	glib
/
	gsock_g‘_pÜt
.
	gc


116 ./
	glib
/
	guÅth»ad
.
	gh


117 ./
	glib
/
	gsock_cmp_addr
.
	gc


118 ./
	glib
/
	gsock_Áİ
.
	gc


119 ./
	glib
/
	gsock_Áİ_ho¡
.
	gc


120 ./
	glib
/
	gw¿p¡dio
.
	gc


121 ./
	glib
/
	gw¿¶ib
.
	gc


122 ./
	glib
/
	gsock_£t_wd
.
	gc


123 ./
	glib
/
	gg‘_ifi_šfo
.
	gc


124 ./
	glib
/
	gmÿ¡_Ëave
.
	gc


125 ./
	glib
/
	gif_šdextÚame
.
	gc


126 ./
	glib
/
	gif_Çmešdex
.
	gc


127 ./
	glib
/
	gif_Çm‘ošdex
.
	gc


128 ./
	glib
/
	gsock_cmp_pÜt
.
	gc


129 ./
	glib
/
	gsock_£t_addr
.
	gc


130 ./
	glib
/
	guÅ¹t
.
	gh


131 ./
	glib
/
	gudp_£rv”
.
	gc


132 ./
	glib
/
	gudp_cÚÃù
.
	gc


133 ./
	glib
/
	gd«mÚ_š™
.
	gc


134 ./
	glib
/
	gudp_ş›Á
.
	gc


135 ./
	glib
/
	ggf_time
.
	gc


136 ./
	glib
/
	g¢´štf
.
	gc


137 ./
	glib
/
	gd«mÚ_š‘d
.
	gc


138 ./
	glib
/
	gmÿ¡_još
.
	gc


139 ./
	glib
/
	gmy_addrs
.
	gc


140 ./
	glib
/
	gp£Ëù
.
	gc


141 ./
	glib
/
	gisfdty³
.
	gc


142 ./
	glib
/
	gmÿ¡_£t_‰l
.
	gc


143 ./
	glib
/
	gmÿ¡_£t_if
.
	gc


144 ./
	glib
/
	gmÿ¡_£t_loİ
.
	gc


145 ./
	glib
/
	gmÿ¡_g‘_‰l
.
	gc


146 ./
	glib
/
	gmÿ¡_g‘_loİ
.
	gc


147 ./
	glib
/
	gmÿ¡_g‘_if
.
	gc


148 ./
	glib
/
	gsockfd_to_çmy
.
	gc


149 ./
	glib
/
	gtv_sub
.
	gc


150 ./
	glib
/
	gš6addr_ªy
.
	gc


151 ./
	glib
/
	gsock_bšd_wd
.
	gc


152 ./
	glib
/
	g»ad_fd
.
	gc


153 ./
	glib
/
	gwr™e_fd
.
	gc


154 ./
	glibä“
/
	gš‘_±Ú
.
	gc


155 ./
	glibä“
/
	gš_cksum
.
	gc


156 ./
	glibä“
/
	gš‘_©Ú
.
	gc


157 ./
	glibä“
/
	gš‘_Áİ_v4
.
	gc


158 ./
	glibä“
/
	gš‘_±Ú_v4
.
	gc


159 ./
	glibä“
/
	gš‘_Áİ
.
	gc


160 ./
	glibgai
/
	guÅ
.
	gh


161 ./
	glibgai
/
	gg‘addršfo
.
	gc


162 ./
	glibgai
/
	gg‘Çmešfo
.
	gc


163 ./
	glibgai
/
	gaddršfo
.
	gh


164 ./
	glibgai
/
	gä“addršfo
.
	gc


165 ./
	glibgai
/
	gga_unix
.
	gc


166 ./
	glibgai
/
	gga_şÚe
.
	gc


167 ./
	glibgai
/
	g‹¡ga
.
	gc


168 ./
	glibgai
/
	gga_pÜt
.
	gc


169 ./
	glibgai
/
	gga_£rv
.
	gc


170 ./
	glibgai
/
	gga_ai¡ruù
.
	gc


171 ./
	glibgai
/
	gga_n£¬ch
.
	gc


172 ./
	glibgai
/
	gga_echeck
.
	gc


173 ./
	glibgai
/
	g‹¡1
.
	gc


174 ./
	glibgai
/
	ggai_¡»¼Ü
.
	gc


175 ./
	glibgai
/
	ggn_v46
.
	gc


176 ./
	glibgai
/
	ggai_hdr
.
	gh


177 ./
	glibrou‹
/
	gg‘_¹addrs
.
	gc


178 ./
	glibrou‹
/
	gif_šdextÚame
.
	gc


179 ./
	glibrou‹
/
	gif_Çmešdex
.
	gc


180 ./
	glibrou‹
/
	gif_Çm‘ošdex
.
	gc


181 ./
	glibrou‹
/
	gÃt_¹_iæi¡
.
	gc


182 ./
	glibrou‹
/
	gsock_masktİ
.
	gc


183 ./
	glibrou‹
/
	guÅrou‹
.
	gh


184 ./
	glibrou‹
/
	guÅ
.
	gh


185 ./
	glibrou‹
/
	guÅifi
.
	gh


186 ./
	glibrou‹
/
	gÃt_¹_dump
.
	gc


187 ./
	glibxti
/
	gw¿pxti
.
	gc


188 ./
	glibxti
/
	guÅ
.
	gh


189 ./
	glibxti
/
	guÅxti
.
	gh


190 ./
	glibxti
/
	gtı_cÚÃù
.
	gc


191 ./
	glibxti
/
	gxti_Áİ_ho¡
.
	gc


192 ./
	glibxti
/
	gtı_li¡’
.
	gc


193 ./
	glibxti
/
	gxti_acû±
.
	gc


194 ./
	glibxti
/
	gxti_Áİ
.
	gc


195 ./
	glibxti
/
	gxti_acû±_sim¶e
.
	gc


196 ./
	glibxti
/
	gxti_¡r_İts
.
	gc


197 ./
	glibxti
/
	gudp_ş›Á
.
	gc


198 ./
	glibxti
/
	gxti_rdwr
.
	gc


199 ./
	glibxti
/
	gxti_g‘İt
.
	gc


200 ./
	glibxti
/
	gxti_£tİt
.
	gc


201 ./
	glibxti
/
	gxti_ook_¡r
.
	gc


202 ./
	glibxti
/
	gudp_£rv”
.
	gc


203 ./
	glibxti
/
	gxti_æags_¡r
.
	gc


204 ./
	gmÿ¡
/
	guÅ
.
	gh


205 ./
	gmÿ¡
/
	gudpşi01
.
	gc


206 ./
	gmÿ¡
/
	gdgşibÿ¡1
.
	gc


207 ./
	gmÿ¡
/
	gmaš
.
	gc


208 ./
	gmÿ¡
/
	g»cv
.
	gc


209 ./
	gmÿ¡
/
	g£nd
.
	gc


210 ./
	gmÿ¡
/
	gudpşi05
.
	gc


211 ./
	gmÿ¡
/
	gdgşimÿ¡5
.
	gc


212 ./
	gmÿ¡
/
	gdgşimÿ¡6
.
	gc


213 ./
	gmÿ¡
/
	gudpşi06
.
	gc


214 ./
	gmysdr
/
	guÅ
.
	gh


215 ./
	gmysdr
/
	gmaš
.
	gc


216 ./
	gmysdr
/
	gloİ
.
	gc


217 ./
	gÇmes
/
	gho¡’t
.
	gc


218 ./
	gÇmes
/
	guÅ
.
	gh


219 ./
	gÇmes
/
	g‹¡1
.
	gc


220 ./
	gÇmes
/
	g´myaddrs
.
	gc


221 ./
	gÇmes
/
	gho¡’t2
.
	gc


222 ./
	gÇmes
/
	gdaytimeudp¤v2
.
	gc


223 ./
	gÇmes
/
	gho¡’t3
.
	gc


224 ./
	gÇmes
/
	gdaytim‘ı¤v3
.
	gc


225 ./
	gÇmes
/
	gdaytim‘ışi
.
	gc


226 ./
	gÇmes
/
	gdaytim‘ı¤v2
.
	gc


227 ./
	gÇmes
/
	gdaytim‘ı¤v1
.
	gc


228 ./
	gÇmes
/
	gdaytimeudpşi1
.
	gc


229 ./
	gÇmes
/
	gdaytimeudpşi2
.
	gc


230 ./
	gÇmes
/
	gdaytimeudp¤v3
.
	gc


231 ./
	gÇmes
/
	g‹¡2
.
	gc


232 ./
	gÇmes
/
	gmyaddrs1
.
	gc


233 ./
	gÇmes
/
	g´myaddrs1
.
	gc


234 ./
	gÇmes
/
	gudp_£rv”_»u£addr
.
	gc


235 ./
	gÇmes
/
	gÃ‹Á
.
	gc


236 ./
	gÇmes
/
	gdaytim‘ışi1
.
	gc


237 ./
	gÇmes
/
	gdaytim‘ışi2
.
	gc


238 ./
	gÇmes
/
	gdaytim‘ı¤v4
.
	gc


239 ./
	gÇmes
/
	gdaytim‘ışi3
.
	gc


240 ./
	gnÚblock
/
	gweb
.
	gc


241 ./
	gnÚblock
/
	guÅ
.
	gh


242 ./
	gnÚblock
/
	gdaytim‘ışi
.
	gc


243 ./
	gnÚblock
/
	gtışi01
.
	gc


244 ./
	gnÚblock
/
	g¡rşšÚb
.
	gc


245 ./
	gnÚblock
/
	gtı£rv£Ëù03
.
	gc


246 ./
	gnÚblock
/
	g¡rşifÜk
.
	gc


247 ./
	gnÚblock
/
	gtışi02
.
	gc


248 ./
	gnÚblock
/
	gtışi03
.
	gc


249 ./
	gnÚblock
/
	gtışi04
.
	gc


250 ./
	gnÚblock
/
	gweb
.
	gh


251 ./
	gnÚblock
/
	ghome_·ge
.
	gc


252 ./
	gnÚblock
/
	gwr™e_g‘_cmd
.
	gc


253 ./
	gnÚblock
/
	g¡¬t_cÚÃù
.
	gc


254 ./
	goob
/
	gtı£nd01
.
	gc


255 ./
	goob
/
	guÅ
.
	gh


256 ./
	goob
/
	gtı»cv01
.
	gc


257 ./
	goob
/
	gtı»cv02
.
	gc


258 ./
	goob
/
	gtı£nd02
.
	gc


259 ./
	goob
/
	gtı»cv04
.
	gc


260 ./
	goob
/
	gtı»cv03
.
	gc


261 ./
	goob
/
	gtı£nd04
.
	gc


262 ./
	goob
/
	gtı£nd03
.
	gc


263 ./
	goob
/
	gtı£nd05
.
	gc


264 ./
	goob
/
	gtı»cv05
.
	gc


265 ./
	goob
/
	gtı£nd06
.
	gc


266 ./
	goob
/
	gtı»cv06
.
	gc


267 ./
	goob
/
	gtışi02
.
	gc


268 ./
	goob
/
	g¡rşi£Ëù02
.
	gc


269 ./
	goob
/
	gtı£rv02
.
	gc


270 ./
	goob
/
	g¡»cho02
.
	gc


271 ./
	goob
/
	gh—¹b—tşi
.
	gc


272 ./
	goob
/
	gh—¹b—t£rv
.
	gc


273 ./
	goob
/
	gsigchldwa™pid
.
	gc


274 ./
	goob
/
	gtı»cv03p
.
	gc


275 ./
	gpšg
/
	guÅ
.
	gh


276 ./
	gpšg
/
	gmaš
.
	gc


277 ./
	gpšg
/pšg.
	gh


278 ./
	gpšg
/
	gpšg_v4
.
	gc


279 ./
	gpšg
/
	gsig_®rm
.
	gc


280 ./
	gpšg
/
	g£nd_v4
.
	gc


281 ./
	gpšg
/
	g£nd_v6
.
	gc


282 ./
	gpšg
/
	g´oc_v4
.
	gc


283 ./
	gpšg
/
	g´oc_v6
.
	gc


284 ./
	gpšg
/
	gtv_sub
.
	gc


285 ./
	gpšg
/
	g»adloİ
.
	gc


286 ./
	gpšg
/
	g6
.
	gh


287 ./
	gpšg
/
	gicmp6
.
	gh


288 ./
	grou‹
/
	guÅ
.
	gh


289 ./
	grou‹
/
	gmyÃt¡©
.
	gc


290 ./
	grou‹
/
	gg‘_ifi_šfo
.
	gc


291 ./
	grou‹
/
	gg‘¹
.
	gc


292 ./
	grou‹
/
	guÅifi
.
	gh


293 ./
	grou‹
/
	g´ifšfo
.
	gc


294 ./
	grou‹
/
	g´ifšdex
.
	gc


295 ./
	grou‹
/
	g´iâame
.
	gc


296 ./
	grou‹
/
	g´iâamešdex
.
	gc


297 ./
	grou‹
/
	guÅrou‹
.
	gh


298 ./
	grou‹
/
	gcheckudpsum
.
	gc


299 ./
	g¹t
/
	guÅ
.
	gh


300 ./
	g¹t
/
	guÅ¹t
.
	gh


301 ./
	g¹t
/
	gudpşi01
.
	gc


302 ./
	g¹t
/
	gdg_şi
.
	gc


303 ./
	g¹t
/
	gdg_echo
.
	gc


304 ./
	g¹t
/
	gdg_£nd_»cv
.
	gc


305 ./
	g£Ëù
/
	gtışi02
.
	gc


306 ./
	g£Ëù
/
	gtışi01
.
	gc


307 ./
	g£Ëù
/
	guÅ
.
	gh


308 ./
	g£Ëù
/
	gtışi03
.
	gc


309 ./
	g£Ëù
/
	g¡rşi£Ëù01
.
	gc


310 ./
	g£Ëù
/
	g¡rşi£Ëù02
.
	gc


311 ./
	g£rv”
/
	guÅ
.
	gh


312 ./
	g£rv”
/
	g£rv01
.
	gc


313 ./
	g£rv”
/
	g´_ıu_time
.
	gc


314 ./
	g£rv”
/
	gchd
.
	gh


315 ./
	g£rv”
/
	gş›Á
.
	gc


316 ./
	g£rv”
/
	g£rv02
.
	gc


317 ./
	g£rv”
/
	gchd02
.
	gc


318 ./
	g£rv”
/
	g£rv03
.
	gc


319 ./
	g£rv”
/
	gchd03
.
	gc


320 ./
	g£rv”
/
	gweb_chd
.
	gc


321 ./
	g£rv”
/
	g£rv05
.
	gc


322 ./
	g£rv”
/
	g£rv09
.
	gc


323 ./
	g£rv”
/
	gchd05
.
	gc


324 ./
	g£rv”
/
	g£rv07
.
	gc


325 ./
	g£rv”
/
	g£rv08
.
	gc


326 ./
	g£rv”
/
	g±h»ad07
.
	gc


327 ./
	g£rv”
/
	g±h»ad08
.
	gh


328 ./
	g£rv”
/
	g±h»ad07
.
	gh


329 ./
	g£rv”
/
	g±h»ad08
.
	gc


330 ./
	g£rv”
/
	glock_fú
.
	gc


331 ./
	g£rv”
/
	glock_±h»ad
.
	gc


332 ./
	g£rv”
/
	g£rv06
.
	gc


333 ./
	g£rv”
/
	gsig_chld_wa™pid
.
	gc


334 ./
	g£rv”
/
	g±h»ad09
.
	gh


335 ./
	g£rv”
/
	g±h»ad09
.
	gc


336 ./
	g£rv”
/
	g£rv03m
.
	gc


337 ./
	g£rv”
/
	g£rv02m
.
	gc


338 ./
	g£rv”
/
	gchd02l
.
	gc


339 ./
	g£rv”
/
	gchd02m
.
	gc


340 ./
	g£rv”
/
	gm‘”
.
	gc


341 ./
	g£rv”
/
	g£rv04
.
	gc


342 ./
	g£rv”
/
	gş›Ár¡
.
	gc


343 ./
	g£rv”
/
	guÅth»ad
.
	gh


344 ./
	g£rv”
/
	gchd04
.
	gc


345 ./
	g£rv”
/
	gchd03m
.
	gc


346 ./
	g£rv”
/
	g»adlše
.
	gc


347 ./
	g£rv”
/
	g£rv00
.
	gc


348 ./
	g£rv”
/
	g»adlše_r
.
	gh


349 ./
	g£rv”
/
	g»adlše_r
.
	gc


350 ./
	g£rv”
/
	gweb_chd_r
.
	gc


351 ./
	gsigio
/
	gudp£rv01
.
	gc


352 ./
	gsigio
/
	gdgşi01
.
	gc


353 ./
	gsigio
/
	gudpşi01
.
	gc


354 ./
	gsigio
/
	guÅ
.
	gh


355 ./
	gsigio
/
	gdgecho01
.
	gc


356 ./
	g¢
/
	guÅ
.
	gh


357 ./
	g¢
/¢.
	gh


358 ./
	g¢
/
	guÅifi
.
	gh


359 ./
	g¢
/
	g¢_£nd
.
	gc


360 ./
	g¢
/
	gmaš
.
	gc


361 ./
	g¢
/
	gÁp
.
	gh


362 ./
	g¢
/
	gbšd_ubÿ¡
.
	gc


363 ./
	g¢
/
	gbšd_mÿ¡
.
	gc


364 ./
	g¢
/
	g»ad_loİ
.
	gc


365 ./
	g¢
/
	g¢_´oc
.
	gc


366 ./
	gsockİt
/sockİt.
	gc


367 ./
	gsockİt
/
	guÅ
.
	gh


368 ./
	gsockİt
/
	g´deçuÉs
.
	gc


369 ./
	gsockİt
/
	grcvbuf
.
	gc


370 ./
	gsockİt
/
	gcheckİts
.
	gc


371 ./
	gsockİt
/
	grcvbuf£t
.
	gc


372 ./
	gs¢
/
	g¢
.
	gh


373 ./
	gs¢
/
	gÁp
.
	gh


374 ./
	gs¢
/
	guÅifi
.
	gh


375 ./
	gs¢
/
	g¢_´oc
.
	gc


376 ./
	gs¢
/
	gmaš
.
	gc


377 ./
	gs¢
/
	guÅ
.
	gh


378 ./
	g¡»ams
/
	g¡¾i¡_xti
.
	gc


379 ./
	g¡»ams
/
	guÅ
.
	gh


380 ./
	g¡»ams
/
	guÅxti
.
	gh


381 ./
	g¡»ams
/
	g¡¾i¡_sock
.
	gc


382 ./
	g¡»ams
/
	gi_daytime
.
	gh


383 ./
	g¡»ams
/
	gi_daytime
.
	gc


384 ./
	g¡»ams
/
	gi_bšd
.
	gc


385 ./
	g¡»ams
/
	gi_cÚÃù
.
	gc


386 ./
	g¡»ams
/
	gi_»ad
.
	gc


387 ./
	g¡»ams
/
	gi_şo£
.
	gc


388 ./
	gtışi£rv
/
	gtı£rv02
.
	gc


389 ./
	gtışi£rv
/
	gtışi01
.
	gc


390 ./
	gtışi£rv
/
	guÅ
.
	gh


391 ./
	gtışi£rv
/
	gtı£rv01
.
	gc


392 ./
	gtışi£rv
/
	gtı£rv03
.
	gc


393 ./
	gtışi£rv
/
	gtışi04
.
	gc


394 ./
	gtışi£rv
/
	gtsigpe
.
	gc


395 ./
	gtışi£rv
/
	gtı£rv04
.
	gc


396 ./
	gtışi£rv
/
	gtı£rv£Ëù01
.
	gc


397 ./
	gtışi£rv
/
	gsigchldwa™
.
	gc


398 ./
	gtışi£rv
/
	gsum
.
	gh


399 ./
	gtışi£rv
/
	gtışi07
.
	gc


400 ./
	gtışi£rv
/
	gsigchldwa™pid
.
	gc


401 ./
	gtışi£rv
/
	gtışi08
.
	gc


402 ./
	gtışi£rv
/
	g¡r_şi08
.
	gc


403 ./
	gtışi£rv
/
	gtışi09
.
	gc


404 ./
	gtışi£rv
/
	gtışi05
.
	gc


405 ./
	gtışi£rv
/
	g¡r_şi09
.
	gc


406 ./
	gtışi£rv
/
	gtı£rv09
.
	gc


407 ./
	gtışi£rv
/
	g¡r_echo09
.
	gc


408 ./
	gtışi£rv
/
	gtı£rv08
.
	gc


409 ./
	gtışi£rv
/
	g¡r_echo08
.
	gc


410 ./
	gtışi£rv
/
	gtışi06
.
	gc


411 ./
	gtışi£rv
/
	gtı£rvpŞl01
.
	gc


412 ./
	gtışi£rv
/
	gtışi10
.
	gc


413 ./
	gtışi£rv
/
	gtışi11
.
	gc


414 ./
	gtışi£rv
/
	g¡r_şi11
.
	gc


415 ./
	g‹¡
/
	guÅ
.
	gh


416 ./
	g‹¡
/
	g‹¡1
.
	gc


417 ./
	g‹¡
/
	g»adlše
.
	gh


418 ./
	g‹¡
/
	gfuncs
.
	gc


419 ./
	g‹¡
/‹¡.
	gh


420 ./
	g‹¡
/
	gŒ—dlše1
.
	gc


421 ./
	g‹¡
/
	g»adlše3
.
	gc


422 ./
	g‹¡
/
	gŒ—dlše3
.
	gc


423 ./
	g‹¡
/
	g»adlše1
.
	gc


424 ./
	g‹¡
/
	gŒ—dlše2
.
	gc


425 ./
	g‹¡
/
	gt¢´štf
.
	gc


426 ./
	g‹¡
/
	gtisfdty³
.
	gc


427 ./
	g‹¡
/
	g»adlše2
.
	gc


428 ./
	g‹¡
/
	gacû±_ešŒ
.
	gc


429 ./
	g‹¡
/
	g‹¡2
.
	gc


430 ./
	gth»ads
/
	guÅ
.
	gh


431 ./
	gth»ads
/
	gweb02
.
	gc


432 ./
	gth»ads
/
	g‹¡01
.
	gc


433 ./
	gth»ads
/
	gexam¶e02
.
	gc


434 ./
	gth»ads
/
	gexam¶e01
.
	gc


435 ./
	gth»ads
/
	gweb01
.
	gc


436 ./
	gth»ads
/
	gweb03
.
	gc


437 ./
	gth»ads
/
	gexam¶e03
.
	gc


438 ./
	gth»ads
/
	g‹¡02
.
	gc


439 ./
	gth»ads
/
	gtı£rv01
.
	gc


440 ./
	gth»ads
/
	gtı£rv02
.
	gc


441 ./
	gth»ads
/
	g‹¡03
.
	gc


442 ./
	gth»ads
/
	gtışi01
.
	gc


443 ./
	gth»ads
/
	g¡rş™h»ad
.
	gc


444 ./
	gth»ads
/
	guÅth»ad
.
	gh


445 ./
	gth»ads
/
	gtışi02
.
	gc


446 ./
	gth»ads
/
	g¡rş™h»ad2
.
	gc


447 ./
	gth»ads
/
	g‹¡05
.
	gc


448 ./
	gth»ads
/
	g»adlše
.
	gc


449 ./
	gth»ads
/
	g‹¡04
.
	gc


450 ./
	gŒaûrou‹
/
	guÅ
.
	gh


451 ./
	gŒaûrou‹
/
	gmaš
.
	gc


452 ./
	gŒaûrou‹
/
	g6
.
	gh


453 ./
	gŒaûrou‹
/
	gsig_®rm
.
	gc


454 ./
	gŒaûrou‹
/
	gŒaûloİ
.
	gc


455 ./
	gŒaûrou‹
/
	gŒaû
.
	gh


456 ./
	gŒaûrou‹
/
	g»cv_v6
.
	gc


457 ./
	gŒaûrou‹
/
	gtv_sub
.
	gc


458 ./
	gŒaûrou‹
/
	g»cv_v4
.
	gc


459 ./
	gŒaûrou‹
/
	gicmpcode_v4
.
	gc


460 ./
	gŒaûrou‹
/
	gicmpcode_v6
.
	gc


461 ./
	gŒaûrou‹
/
	gicmp6
.
	gh


462 ./
	gudpcksum
/
	guÅ
.
	gh


463 ./
	gudpcksum
/
	gpÿp
.
	gc


464 ./
	gudpcksum
/
	gmaš
.
	gc


465 ./
	gudpcksum
/udpcksum.
	gc


466 ./
	gudpcksum
/
	gud´—d
.
	gc


467 ./
	gudpcksum
/udpcksum.
	gh


468 ./
	gudpcksum
/
	gş—nup
.
	gc


469 ./
	gudpcksum
/
	gudpwr™e
.
	gc


470 ./
	gudpşi£rv
/
	guÅ
.
	gh


471 ./
	gudpşi£rv
/
	gudp£rv07
.
	gc


472 ./
	gudpşi£rv
/
	gudpşi01
.
	gc


473 ./
	gudpşi£rv
/
	gudpşi04
.
	gc


474 ./
	gudpşi£rv
/
	gudp£rv01
.
	gc


475 ./
	gudpşi£rv
/
	gdgşicÚÃù
.
	gc


476 ./
	gudpşi£rv
/
	gudpşi02
.
	gc


477 ./
	gudpşi£rv
/
	gdgşŸddr
.
	gc


478 ./
	gudpşi£rv
/
	gudp£rv06
.
	gc


479 ./
	gudpşi£rv
/
	gdgechŞoİ2
.
	gc


480 ./
	gudpşi£rv
/
	gdgşiš‘addr
.
	gc


481 ./
	gudpşi£rv
/
	gudpşi03
.
	gc


482 ./
	gudpşi£rv
/
	gdgşoİ1
.
	gc


483 ./
	gudpşi£rv
/
	gdgechŞoİ1
.
	gc


484 ./
	gudpşi£rv
/
	gudpşi05
.
	gc


485 ./
	gudpşi£rv
/
	gudpşi06
.
	gc


486 ./
	gudpşi£rv
/
	gudpşi08
.
	gc


487 ./
	gudpşi£rv
/
	gdgşoİ3
.
	gc


488 ./
	gudpşi£rv
/
	gudpşi09
.
	gc


489 ./
	gudpşi£rv
/
	gudp£rv£Ëù01
.
	gc


490 ./
	gudpşi£rv
/
	gsigchldwa™pid
.
	gc


491 ./
	gudpşi£rv
/
	gudpşi10
.
	gc


492 ./
	gudpşi£rv
/
	gdgşibig
.
	gc


493 ./
	gunixdomaš
/
	guÅ
.
	gh


494 ./
	gunixdomaš
/
	g‹¡füed
.
	gc


495 ./
	gunixdomaš
/
	gtfüed01
.
	gc


496 ./
	gunixdomaš
/
	gunixbšd
.
	gc


497 ./
	gunixdomaš
/
	gunix¡rşi01
.
	gc


498 ./
	gunixdomaš
/
	gunix¡r£rv01
.
	gc


499 ./
	gunixdomaš
/
	gsigchldwa™pid
.
	gc


500 ./
	gunixdomaš
/
	g»adüed
.
	gc


501 ./
	gunixdomaš
/
	gunixdg£rv01
.
	gc


502 ./
	gunixdomaš
/
	gunixdgşi01
.
	gc


503 ./
	gunixdomaš
/
	gmyÿt
.
	gc


504 ./
	gunixdomaš
/
	gİ’fe
.
	gc


505 ./
	gunixdomaš
/
	gmyİ’
.
	gc


506 ./
	gunixdomaš
/
	gunix¡r£rv02
.
	gc


507 ./
	gunixdomaš
/
	g¡»cho
.
	gc


508 ./
	gunixdomaš
/
	gdaytim‘ı¤v2
.
	gc


509 ./
	gunixdomaš
/
	gdaytim‘ışi
.
	gc


510 ./
	gxtišŒo
/
	guÅxti
.
	gh


511 ./
	gxtišŒo
/
	guÅ
.
	gh


512 ./
	gxtišŒo
/
	g¡»¼Ü
.
	gc


513 ./
	gxtišŒo
/
	g´tšfo
.
	gc


514 ./
	gxtišŒo
/
	gdaytime¤v02
.
	gc


515 ./
	gxtišŒo
/
	gdaytime¤v01
.
	gc


516 ./
	gxtišŒo
/
	gdaytimeşi01
.
	gc


517 ./
	gxtišŒo
/
	gtšame
.
	gc


518 ./
	gxtišŒo
/
	gdaytimeşi02
.
	gc


519 ./
	gxtišŒo
/
	gdaytime¤v03
.
	gc


520 ./
	gxtišŒo
/
	gdaytimeşi03
.
	gc


521 ./
	gxtioob
/
	gtı»cv01
.
	gc


522 ./
	gxtioob
/
	guÅxti
.
	gh


523 ./
	gxtioob
/
	guÅ
.
	gh


524 ./
	gxtioob
/
	gtı»cv02
.
	gc


525 ./
	gxtioob
/
	gtı»cv03
.
	gc


526 ./
	gxtioob
/
	gtı»cv04
.
	gc


527 ./
	gxtioob
/
	gtı»cv05
.
	gc


528 ./
	gxtiİt
/
	guÅ
.
	gh


529 ./
	gxtiİt
/
	guÅxti
.
	gh


530 ./
	gxtiİt
/
	g´tbufs
.
	gc


531 ./
	gxtiİt
/
	gdeçuÉİts
.
	gc


532 ./
	gxtiİt
/
	g£tbufs
.
	gc


533 ./
	gxtiİt
/
	gdaytimeudp¤v1
.
	gc


534 ./
	gxtiİt
/
	gÃgÙŸ‹İts
.
	gc


535 ./
	gxtiİt
/
	gdaytimeşi02
.
	gc


536 ./
	gxtiİt
/
	gtı_cÚÃù
.
	gc


537 ./
	gxtiİt
/
	gcheckİts
.
	gc


538 ./
	gxtiİt
/
	gdaytimeudp¤v1
.
	ghpux
.
	gc


539 ./
	gxtiİt
/
	gg‘£tİt
.
	gc


540 ./
	gxti£rv”
/
	guÅ
.
	gh


541 ./
	gxti£rv”
/
	guÅxti
.
	gh


542 ./
	gxti£rv”
/
	g£rv01
.
	gc


543 ./
	gxti£rv”
/
	gweb_chd
.
	gc


544 ./
	gxti£rv”
/
	gsig_chld_wa™pid
.
	gc


545 ./
	gxtiudp
/
	guÅ
.
	gh


546 ./
	gxtiudp
/
	guÅxti
.
	gh


547 ./
	gxtiudp
/
	gdaytimeudpşi1
.
	gc


548 ./
	gxtiudp
/
	gdaytimeudpşi2
.
	gc


549 ./
	gxtiudp
/
	gdaytimeudp¤v1
.
	gc


550 ./
	gxtiudp
/
	gdaytimeudpşi3
.
	gc


551 ./
	gxtiudp
/
	gdaytimeudp¤v2
.
	gc


552 ./
	gxtiudp
/
	gdaytimeudpşi4
.
	gc


553 ./
	gsock
/
	gourhdr
.
	gh


554 ./
	gsock
/
	g£rvİ’
.
	gc


555 ./
	gsock
/sock.
	gh


556 ./
	gsock
/
	gmaš
.
	gc


557 ./
	gsock
/
	gşiİ’
.
	gc


558 ./
	gsock
/
	gbufãrs
.
	gc


559 ./
	gsock
/
	guÅ
.
	gh


560 ./
	gsock
/
	gloİtı
.
	gc


561 ./
	gsock
/
	gloİudp
.
	gc


562 ./
	gsock
/
	gsourûtı
.
	gc


563 ./
	gsock
/
	gsourûudp
.
	gc


564 ./
	gsock
/
	g·‰”n
.
	gc


565 ./
	gsock
/
	gsšktı
.
	gc


566 ./
	gsock
/
	gsškudp
.
	gc


567 ./
	gsock
/
	gsourûrou‹
.
	gc


568 ./
	gsock
/
	gsockİts
.
	gc


569 ./
	gsock
/
	gülf
.
	gc


570 ./
	gsock
/
	g¦“pus
.
	gc


571 ./
	gsock
/
	g”rÜ
.
	gc


572 ./
	gsock
/
	gwr™e
.
	gc


573 ./
	gsock
/
	g‹Îwa™
.
	gc


574 ./
	gsock
/
	g¡»¼Ü
.
	gc


575 ./
	gsock
/
	gmuÉiÿ¡
.
	gc


576 ./
	gcÚfig
.
	gh


	@
1
.
0
1
12
cscope.file
